Determining if the pthread_create exist failed with the following output:
Change Dir: /home/song/iarc_ws/src/voice_pub/cmake-build-debug/CMakeFiles/CMakeTmp

Run Build Command(s):/usr/bin/make cmTC_2f8dd/fast 
/usr/bin/make -f CMakeFiles/cmTC_2f8dd.dir/build.make CMakeFiles/cmTC_2f8dd.dir/build
make[1]: Entering directory '/home/song/iarc_ws/src/voice_pub/cmake-build-debug/CMakeFiles/CMakeTmp'
Building C object CMakeFiles/cmTC_2f8dd.dir/CheckSymbolExists.c.o
/usr/bin/cc    -o CMakeFiles/cmTC_2f8dd.dir/CheckSymbolExists.c.o   -c /home/song/iarc_ws/src/voice_pub/cmake-build-debug/CMakeFiles/CMakeTmp/CheckSymbolExists.c
Linking C executable cmTC_2f8dd
/home/song/clion-2019.1.4/bin/cmake/linux/bin/cmake -E cmake_link_script CMakeFiles/cmTC_2f8dd.dir/link.txt --verbose=1
/usr/bin/cc      -rdynamic CMakeFiles/cmTC_2f8dd.dir/CheckSymbolExists.c.o  -o cmTC_2f8dd 
CMakeFiles/cmTC_2f8dd.dir/CheckSymbolExists.c.o：在函数‘main’中：
CheckSymbolExists.c:(.text+0x16)：对‘pthread_create’未定义的引用
collect2: error: ld returned 1 exit status
CMakeFiles/cmTC_2f8dd.dir/build.make:86: recipe for target 'cmTC_2f8dd' failed
make[1]: *** [cmTC_2f8dd] Error 1
make[1]: Leaving directory '/home/song/iarc_ws/src/voice_pub/cmake-build-debug/CMakeFiles/CMakeTmp'
Makefile:121: recipe for target 'cmTC_2f8dd/fast' failed
make: *** [cmTC_2f8dd/fast] Error 2

File /home/song/iarc_ws/src/voice_pub/cmake-build-debug/CMakeFiles/CMakeTmp/CheckSymbolExists.c:
/* */
#include <pthread.h>

int main(int argc, char** argv)
{
  (void)argv;
#ifndef pthread_create
  return ((int*)(&pthread_create))[argc];
#else
  (void)argc;
  return 0;
#endif
}

Determining if the function pthread_create exists in the pthreads failed with the following output:
Change Dir: /home/song/iarc_ws/src/voice_pub/cmake-build-debug/CMakeFiles/CMakeTmp

Run Build Command(s):/usr/bin/make cmTC_eead3/fast 
/usr/bin/make -f CMakeFiles/cmTC_eead3.dir/build.make CMakeFiles/cmTC_eead3.dir/build
make[1]: Entering directory '/home/song/iarc_ws/src/voice_pub/cmake-build-debug/CMakeFiles/CMakeTmp'
Building C object CMakeFiles/cmTC_eead3.dir/CheckFunctionExists.c.o
/usr/bin/cc   -DCHECK_FUNCTION_EXISTS=pthread_create   -o CMakeFiles/cmTC_eead3.dir/CheckFunctionExists.c.o   -c /home/song/clion-2019.1.4/bin/cmake/linux/share/cmake-3.14/Modules/CheckFunctionExists.c
Linking C executable cmTC_eead3
/home/song/clion-2019.1.4/bin/cmake/linux/bin/cmake -E cmake_link_script CMakeFiles/cmTC_eead3.dir/link.txt --verbose=1
/usr/bin/cc  -DCHECK_FUNCTION_EXISTS=pthread_create    -rdynamic CMakeFiles/cmTC_eead3.dir/CheckFunctionExists.c.o  -o cmTC_eead3 -lpthreads 
/usr/bin/ld: 找不到 -lpthreads
collect2: error: ld returned 1 exit status
CMakeFiles/cmTC_eead3.dir/build.make:86: recipe for target 'cmTC_eead3' failed
make[1]: *** [cmTC_eead3] Error 1
make[1]: Leaving directory '/home/song/iarc_ws/src/voice_pub/cmake-build-debug/CMakeFiles/CMakeTmp'
Makefile:121: recipe for target 'cmTC_eead3/fast' failed
make: *** [cmTC_eead3/fast] Error 2


